# JRE version: Java(TM) SE Runtime Environment 18.9 (11.0.12+8) (build 11.0.12+8-LTS-237)
# Java VM: Java HotSpot(TM) 64-Bit Server VM 18.9 (11.0.12+8-LTS-237, mixed mode, tiered, compressed oops, g1 gc, windows-amd64)
Heap:
 garbage-first heap   total 129024K, used 83808K [0x0000000082200000, 0x0000000100000000)
  region size 1024K, 32 young (32768K), 4 survivors (4096K)
 Metaspace       used 42265K, capacity 44225K, committed 44544K, reserved 1087488K
  class space    used 5296K, capacity 6079K, committed 6144K, reserved 1048576K
GC Heap History (10 events):
Event: 0.884 GC heap before
{Heap before GC invocations=0 (full 0):
 garbage-first heap   total 129024K, used 23552K [0x0000000082200000, 0x0000000100000000)
  region size 1024K, 24 young (24576K), 0 survivors (0K)
 Metaspace       used 12098K, capacity 12472K, committed 12800K, reserved 1060864K
  class space    used 1273K, capacity 1424K, committed 1536K, reserved 1048576K
}
Event: 0.889 GC heap after
{Heap after GC invocations=1 (full 0):
 garbage-first heap   total 129024K, used 3995K [0x0000000082200000, 0x0000000100000000)
  region size 1024K, 3 young (3072K), 3 survivors (3072K)
 Metaspace       used 12098K, capacity 12472K, committed 12800K, reserved 1060864K
  class space    used 1273K, capacity 1424K, committed 1536K, reserved 1048576K
}
Event: 1.643 GC heap before
{Heap before GC invocations=1 (full 0):
 garbage-first heap   total 129024K, used 39835K [0x0000000082200000, 0x0000000100000000)
  region size 1024K, 32 young (32768K), 3 survivors (3072K)
 Metaspace       used 20353K, capacity 21104K, committed 21248K, reserved 1067008K
  class space    used 2615K, capacity 2953K, committed 3072K, reserved 1048576K
}
Event: 1.650 GC heap after
{Heap after GC invocations=2 (full 0):
 garbage-first heap   total 129024K, used 14103K [0x0000000082200000, 0x0000000100000000)
  region size 1024K, 6 young (6144K), 6 survivors (6144K)
 Metaspace       used 20353K, capacity 21104K, committed 21248K, reserved 1067008K
  class space    used 2615K, capacity 2953K, committed 3072K, reserved 1048576K
}
Event: 8.379 GC heap before
{Heap before GC invocations=3 (full 0):
 garbage-first heap   total 129024K, used 60183K [0x0000000082200000, 0x0000000100000000)
  region size 1024K, 44 young (45056K), 6 survivors (6144K)
 Metaspace       used 34372K, capacity 35452K, committed 35712K, reserved 1081344K
  class space    used 4163K, capacity 4637K, committed 4736K, reserved 1048576K
}
Event: 8.391 GC heap after
{Heap after GC invocations=4 (full 0):
 garbage-first heap   total 129024K, used 20040K [0x0000000082200000, 0x0000000100000000)
  region size 1024K, 6 young (6144K), 6 survivors (6144K)
 Metaspace       used 34372K, capacity 35452K, committed 35712K, reserved 1081344K
  class space    used 4163K, capacity 4637K, committed 4736K, reserved 1048576K
}
Event: 8.425 GC heap before
{Heap before GC invocations=4 (full 0):
 garbage-first heap   total 129024K, used 21064K [0x0000000082200000, 0x0000000100000000)
  region size 1024K, 8 young (8192K), 6 survivors (6144K)
 Metaspace       used 34660K, capacity 35743K, committed 35840K, reserved 1081344K
  class space    used 4204K, capacity 4670K, committed 4736K, reserved 1048576K
}
Event: 8.433 GC heap after
{Heap after GC invocations=5 (full 0):
 garbage-first heap   total 129024K, used 20796K [0x0000000082200000, 0x0000000100000000)
  region size 1024K, 4 young (4096K), 4 survivors (4096K)
 Metaspace       used 34660K, capacity 35743K, committed 35840K, reserved 1081344K
  class space    used 4204K, capacity 4670K, committed 4736K, reserved 1048576K
}
Event: 32.410 GC heap before
{Heap before GC invocations=6 (full 0):
 garbage-first heap   total 129024K, used 89404K [0x0000000082200000, 0x0000000100000000)
  region size 1024K, 35 young (35840K), 4 survivors (4096K)
 Metaspace       used 39802K, capacity 41381K, committed 41472K, reserved 1085440K
  class space    used 4904K, capacity 5563K, committed 5632K, reserved 1048576K
}
Event: 32.423 GC heap after
{Heap after GC invocations=7 (full 0):
 garbage-first heap   total 129024K, used 40800K [0x0000000082200000, 0x0000000100000000)
  region size 1024K, 4 young (4096K), 4 survivors (4096K)
 Metaspace       used 39802K, capacity 41381K, committed 41472K, reserved 1085440K
  class space    used 4904K, capacity 5563K, committed 5632K, reserved 1048576K
}

